九月 25, 2017 2:44:30 下午 org.apache.catalina.core.ApplicationContext log
信息: ContextListener: contextInitialized()
九月 25, 2017 2:44:30 下午 org.apache.catalina.core.ApplicationContext log
信息: SessionListener: contextInitialized()
九月 25, 2017 2:44:30 下午 org.apache.catalina.core.ApplicationContext log
信息: ContextListener: attributeAdded('org.apache.jasper.compiler.TldLocationsCache', 'org.apache.jasper.compiler.TldLocationsCache@8eaaade')
九月 25, 2017 2:44:31 下午 org.apache.catalina.core.ApplicationContext log
信息: SessionListener: contextDestroyed()
九月 25, 2017 2:44:31 下午 org.apache.catalina.core.ApplicationContext log
信息: ContextListener: contextDestroyed()
九月 25, 2017 2:44:53 下午 org.apache.catalina.core.ApplicationContext log
信息: ContextListener: contextInitialized()
九月 25, 2017 2:44:53 下午 org.apache.catalina.core.ApplicationContext log
信息: SessionListener: contextInitialized()
九月 25, 2017 2:44:53 下午 org.apache.catalina.core.ApplicationContext log
信息: ContextListener: attributeAdded('org.apache.jasper.compiler.TldLocationsCache', 'org.apache.jasper.compiler.TldLocationsCache@6276ddff')
九月 25, 2017 2:44:54 下午 org.apache.catalina.core.ApplicationContext log
信息: SessionListener: contextDestroyed()
九月 25, 2017 2:44:54 下午 org.apache.catalina.core.ApplicationContext log
信息: ContextListener: contextDestroyed()
九月 25, 2017 2:44:57 下午 org.apache.catalina.core.ApplicationContext log
信息: ContextListener: contextInitialized()
九月 25, 2017 2:44:57 下午 org.apache.catalina.core.ApplicationContext log
信息: SessionListener: contextInitialized()
九月 25, 2017 2:44:57 下午 org.apache.catalina.core.ApplicationContext log
信息: ContextListener: attributeAdded('org.apache.jasper.compiler.TldLocationsCache', 'org.apache.jasper.compiler.TldLocationsCache@6c1ceb62')
九月 25, 2017 2:44:57 下午 org.apache.catalina.core.ApplicationContext log
信息: SessionListener: contextDestroyed()
九月 25, 2017 2:44:57 下午 org.apache.catalina.core.ApplicationContext log
信息: ContextListener: contextDestroyed()
九月 25, 2017 2:45:04 下午 org.apache.catalina.core.ApplicationContext log
信息: ContextListener: contextInitialized()
九月 25, 2017 2:45:04 下午 org.apache.catalina.core.ApplicationContext log
信息: SessionListener: contextInitialized()
九月 25, 2017 2:45:04 下午 org.apache.catalina.core.ApplicationContext log
信息: ContextListener: attributeAdded('org.apache.jasper.compiler.TldLocationsCache', 'org.apache.jasper.compiler.TldLocationsCache@8eaaade')
九月 25, 2017 2:45:05 下午 org.apache.catalina.core.ApplicationContext log
信息: SessionListener: contextDestroyed()
九月 25, 2017 2:45:05 下午 org.apache.catalina.core.ApplicationContext log
信息: ContextListener: contextDestroyed()
九月 25, 2017 2:45:39 下午 org.apache.catalina.core.ApplicationContext log
信息: ContextListener: contextInitialized()
九月 25, 2017 2:45:39 下午 org.apache.catalina.core.ApplicationContext log
信息: SessionListener: contextInitialized()
九月 25, 2017 2:45:39 下午 org.apache.catalina.core.ApplicationContext log
信息: ContextListener: attributeAdded('org.apache.jasper.compiler.TldLocationsCache', 'org.apache.jasper.compiler.TldLocationsCache@622c360f')
九月 25, 2017 2:45:39 下午 org.apache.catalina.core.ApplicationContext log
信息: SessionListener: contextDestroyed()
九月 25, 2017 2:45:39 下午 org.apache.catalina.core.ApplicationContext log
信息: ContextListener: contextDestroyed()
九月 25, 2017 2:45:50 下午 org.apache.catalina.core.ApplicationContext log
信息: ContextListener: contextInitialized()
九月 25, 2017 2:45:50 下午 org.apache.catalina.core.ApplicationContext log
信息: SessionListener: contextInitialized()
九月 25, 2017 2:45:50 下午 org.apache.catalina.core.ApplicationContext log
信息: ContextListener: attributeAdded('org.apache.jasper.compiler.TldLocationsCache', 'org.apache.jasper.compiler.TldLocationsCache@8eaaade')
九月 25, 2017 2:45:51 下午 org.apache.catalina.core.ApplicationContext log
信息: SessionListener: contextDestroyed()
九月 25, 2017 2:45:51 下午 org.apache.catalina.core.ApplicationContext log
信息: ContextListener: contextDestroyed()
九月 25, 2017 2:46:04 下午 org.apache.catalina.core.ApplicationContext log
信息: ContextListener: contextInitialized()
九月 25, 2017 2:46:04 下午 org.apache.catalina.core.ApplicationContext log
信息: SessionListener: contextInitialized()
九月 25, 2017 2:46:04 下午 org.apache.catalina.core.ApplicationContext log
信息: ContextListener: attributeAdded('org.apache.jasper.compiler.TldLocationsCache', 'org.apache.jasper.compiler.TldLocationsCache@603b475c')
九月 25, 2017 2:46:04 下午 org.apache.catalina.core.ApplicationContext log
信息: SessionListener: contextDestroyed()
九月 25, 2017 2:46:04 下午 org.apache.catalina.core.ApplicationContext log
信息: ContextListener: contextDestroyed()
九月 25, 2017 2:47:18 下午 org.apache.catalina.core.ApplicationContext log
信息: ContextListener: contextInitialized()
九月 25, 2017 2:47:18 下午 org.apache.catalina.core.ApplicationContext log
信息: SessionListener: contextInitialized()
九月 25, 2017 2:47:18 下午 org.apache.catalina.core.ApplicationContext log
信息: ContextListener: attributeAdded('org.apache.jasper.compiler.TldLocationsCache', 'org.apache.jasper.compiler.TldLocationsCache@1ee7b52b')
九月 25, 2017 2:52:46 下午 org.apache.catalina.core.ApplicationContext log
信息: ContextListener: contextInitialized()
九月 25, 2017 2:52:46 下午 org.apache.catalina.core.ApplicationContext log
信息: SessionListener: contextInitialized()
九月 25, 2017 2:52:46 下午 org.apache.catalina.core.ApplicationContext log
信息: ContextListener: attributeAdded('org.apache.jasper.compiler.TldLocationsCache', 'org.apache.jasper.compiler.TldLocationsCache@613df47')
九月 25, 2017 2:54:05 下午 org.apache.catalina.core.ApplicationContext log
信息: ContextListener: contextInitialized()
九月 25, 2017 2:54:05 下午 org.apache.catalina.core.ApplicationContext log
信息: SessionListener: contextInitialized()
九月 25, 2017 2:54:05 下午 org.apache.catalina.core.ApplicationContext log
信息: ContextListener: attributeAdded('org.apache.jasper.compiler.TldLocationsCache', 'org.apache.jasper.compiler.TldLocationsCache@8eaaade')
九月 25, 2017 3:02:31 下午 org.apache.catalina.core.ApplicationContext log
信息: ContextListener: contextInitialized()
九月 25, 2017 3:02:31 下午 org.apache.catalina.core.ApplicationContext log
信息: SessionListener: contextInitialized()
九月 25, 2017 3:02:31 下午 org.apache.catalina.core.ApplicationContext log
信息: ContextListener: attributeAdded('org.apache.jasper.compiler.TldLocationsCache', 'org.apache.jasper.compiler.TldLocationsCache@255fde3a')
